Build started 4/22/2015 2:40:17 PM.
     1>Project "C:\Users\Stuart\School\CSM Spring 15\CSCI 562\LineIntersect\LineIntersect\LineIntersect.vcxproj" on node 2 (Build target(s)).
     1>ClCompile:
         C:\Program Files (x86)\Microsoft Visual Studio 12.0\VC\bin\CL.exe /c /ZI /nologo /W3 /WX- /Od /Oy- /D _MBCS /Gm /EHsc /RTC1 /MDd /GS /fp:precise /Zc:wchar_t /Zc:forScope /Fo"Debug\\" /Fd"Debug\vc120.pdb" /Gd /TP /analyze- /errorReport:prompt main.cpp
         main.cpp
     1>c:\users\stuart\school\csm spring 15\csci 562\lineintersect\lineintersect\main.cpp(49): warning C4244: 'argument' : conversion from 'time_t' to 'unsigned int', possible loss of data
     1>c:\users\stuart\school\csm spring 15\csci 562\lineintersect\lineintersect\main.cpp(64): error C2059: syntax error : ')'
     1>Done Building Project "C:\Users\Stuart\School\CSM Spring 15\CSCI 562\LineIntersect\LineIntersect\LineIntersect.vcxproj" (Build target(s)) -- FAILED.

Build FAILED.

Time Elapsed 00:00:01.16
